[M::bwa_idx_load_from_disk] read 0 ALT contigs
[M::process] read 42292 sequences (10000146 bp)...
[M::process] read 42422 sequences (10000408 bp)...
[M::mem_process_seqs] Processed 42292 reads in 4.821 CPU sec, 4.744 real sec
[M::process] read 42304 sequences (10000028 bp)...
[M::mem_process_seqs] Processed 42422 reads in 4.769 CPU sec, 4.672 real sec
[M::process] read 42330 sequences (10000112 bp)...
[M::mem_process_seqs] Processed 42304 reads in 4.734 CPU sec, 4.613 real sec
[M::process] read 42362 sequences (10000244 bp)...
[M::mem_process_seqs] Processed 42330 reads in 4.971 CPU sec, 4.868 real sec
[M::process] read 42318 sequences (10000042 bp)...
[M::mem_process_seqs] Processed 42362 reads in 4.894 CPU sec, 4.773 real sec
[M::process] read 42430 sequences (10000443 bp)...
[M::mem_process_seqs] Processed 42318 reads in 4.940 CPU sec, 4.822 real sec
[M::process] read 42442 sequences (10000468 bp)...
[M::mem_process_seqs] Processed 42430 reads in 5.345 CPU sec, 5.239 real sec
[M::process] read 42348 sequences (10000297 bp)...
[M::mem_process_seqs] Processed 42442 reads in 5.107 CPU sec, 5.004 real sec
[M::process] read 42394 sequences (10000158 bp)...
[M::mem_process_seqs] Processed 42348 reads in 4.785 CPU sec, 4.668 real sec
[M::process] read 42310 sequences (10000158 bp)...
[M::mem_process_seqs] Processed 42394 reads in 4.824 CPU sec, 4.716 real sec
[M::process] read 42366 sequences (10000206 bp)...
[M::mem_process_seqs] Processed 42310 reads in 4.893 CPU sec, 4.782 real sec
[M::process] read 42316 sequences (10000282 bp)...
[M::mem_process_seqs] Processed 42366 reads in 4.950 CPU sec, 4.832 real sec
[M::process] read 42302 sequences (10000348 bp)...
[M::mem_process_seqs] Processed 42316 reads in 5.041 CPU sec, 4.967 real sec
[M::process] read 42252 sequences (10000421 bp)...
[M::mem_process_seqs] Processed 42302 reads in 4.905 CPU sec, 4.788 real sec
[M::process] read 42274 sequences (10000332 bp)...
[M::mem_process_seqs] Processed 42252 reads in 4.915 CPU sec, 4.813 real sec
[M::process] read 42294 sequences (10000327 bp)...
[M::mem_process_seqs] Processed 42274 reads in 5.147 CPU sec, 5.041 real sec
[M::process] read 42254 sequences (10000474 bp)...
[M::mem_process_seqs] Processed 42294 reads in 4.998 CPU sec, 4.896 real sec
[M::process] read 42168 sequences (10000295 bp)...
[M::mem_process_seqs] Processed 42254 reads in 4.905 CPU sec, 4.798 real sec
[M::process] read 42348 sequences (10000186 bp)...
[M::mem_process_seqs] Processed 42168 reads in 4.881 CPU sec, 4.773 real sec
[M::process] read 42278 sequences (10000482 bp)...
[M::mem_process_seqs] Processed 42348 reads in 4.856 CPU sec, 4.740 real sec
[M::process] read 42314 sequences (10000061 bp)...
[M::mem_process_seqs] Processed 42278 reads in 4.668 CPU sec, 4.574 real sec
[M::process] read 42268 sequences (10000380 bp)...
[M::mem_process_seqs] Processed 42314 reads in 4.791 CPU sec, 4.671 real sec
[M::process] read 42230 sequences (10000413 bp)...
[M::mem_process_seqs] Processed 42268 reads in 4.809 CPU sec, 4.706 real sec
[M::process] read 42246 sequences (10000116 bp)...
[M::mem_process_seqs] Processed 42230 reads in 4.790 CPU sec, 4.708 real sec
[M::process] read 42220 sequences (10000356 bp)...
[M::mem_process_seqs] Processed 42246 reads in 4.840 CPU sec, 4.747 real sec
[M::process] read 42242 sequences (10000121 bp)...
[M::mem_process_seqs] Processed 42220 reads in 4.887 CPU sec, 4.765 real sec
[M::process] read 16134 sequences (3825071 bp)...
[M::mem_process_seqs] Processed 42242 reads in 4.868 CPU sec, 4.819 real sec
[M::mem_process_seqs] Processed 16134 reads in 1.835 CPU sec, 1.794 real sec
[main] Version: 0.7.19-r1273
[main] CMD: bwa mem ../../data/ref_ecoli.fna.gz ../../data/SRR33692911.fastq.gz
[main] Real time: 131.447 sec; CPU: 134.277 sec
